<?xml version="1.0" encoding="UTF-8"?>
<!-- Generated by org.testng.reporters.JUnitReportReporter -->
<testsuite hostname="Admin-PC" failures="0" tests="1" name="com.themomsdesk.testCases.TC05_Blog" time="15.375" errors="0" timestamp="26 Feb 2021 08:15:43 GMT" skipped="0">
  <testcase classname="com.themomsdesk.testCases.TC05_Blog" name="testBlog" time="15.375"/>
</testsuite> <!-- com.themomsdesk.testCases.TC05_Blog -->
