<?xml version="1.0" encoding="UTF-8"?>
<!-- Generated by org.testng.reporters.JUnitReportReporter -->
<testsuite hostname="Admin-PC" failures="0" tests="1" name="com.themomsdesk.testCases.TC04_Automation_Testing" time="13.248" errors="0" timestamp="26 Feb 2021 08:15:43 GMT" skipped="0">
  <testcase classname="com.themomsdesk.testCases.TC04_Automation_Testing" name="testAtutomationTesting" time="13.248"/>
</testsuite> <!-- com.themomsdesk.testCases.TC04_Automation_Testing -->
