<?xml version="1.0" encoding="UTF-8"?>
<!-- Generated by org.testng.reporters.JUnitReportReporter -->
<testsuite hostname="Admin-PC" failures="0" tests="1" name="com.themomsdesk.testCases.TC02_ContactPage" time="4.269" errors="0" timestamp="26 Feb 2021 08:15:43 GMT" skipped="0">
  <testcase classname="com.themomsdesk.testCases.TC02_ContactPage" name="testContactPage" time="4.269"/>
</testsuite> <!-- com.themomsdesk.testCases.TC02_ContactPage -->
