<?xml version="1.0" encoding="UTF-8"?>
<!-- Generated by org.testng.reporters.JUnitReportReporter -->
<testsuite hostname="Admin-PC" failures="0" tests="1" name="com.themomsdesk.testCases.TC04_Automation_Testing" time="14.536" errors="0" timestamp="21 Feb 2021 20:06:21 GMT" skipped="0">
  <testcase classname="com.themomsdesk.testCases.TC04_Automation_Testing" name="testAtutomationTesting" time="14.536"/>
</testsuite> <!-- com.themomsdesk.testCases.TC04_Automation_Testing -->
