<?xml version="1.0" encoding="UTF-8"?>
<!-- Generated by org.testng.reporters.JUnitReportReporter -->
<testsuite hostname="Admin-PC" failures="0" tests="1" name="com.themomsdesk.testCases.TC02_ContactPage" time="14.170" errors="0" timestamp="21 Feb 2021 20:06:21 GMT" skipped="0">
  <testcase classname="com.themomsdesk.testCases.TC02_ContactPage" name="testContactPage" time="14.170"/>
</testsuite> <!-- com.themomsdesk.testCases.TC02_ContactPage -->
